<?xml version="1.0" encoding="UTF-8"?>
<!-- Generated by org.testng.reporters.JUnitReportReporter -->
<testsuite hostname="LAPTOP-E956GLFD" failures="0" tests="1" name="TestCases.LoginTest" time="3.565" errors="0" timestamp="2021-08-21T07:33:30 IST" skipped="0">
  <testcase classname="TestCases.LoginTest" name="logintest" time="3.565"/>
  <system-out/>
</testsuite> <!-- TestCases.LoginTest -->
