<?xml version="1.0" encoding="UTF-8"?>
<!-- Generated by org.testng.reporters.JUnitReportReporter -->
<testsuite hostname="LAPTOP-E956GLFD" failures="0" tests="1" name="Rough.LoginSample" time="4.850" errors="0" timestamp="2021-08-21T06:53:57 IST" skipped="0">
  <testcase classname="Rough.LoginSample" name="login" time="4.850"/>
  <system-out/>
</testsuite> <!-- Rough.LoginSample -->
