<?xml version="1.0" encoding="UTF-8"?>
<!-- Generated by org.testng.reporters.JUnitReportReporter -->
<testsuite hostname="LAPTOP-E956GLFD" failures="0" tests="1" name="Util.TestUtil" time="0.053" errors="0" timestamp="2021-08-21T07:41:20 IST" skipped="0">
  <testcase classname="Util.TestUtil" name="DateTime" time="0.053"/>
  <system-out/>
</testsuite> <!-- Util.TestUtil -->
